This file contains any messages produced by compilers while
running configure, to aid debugging if configure makes a mistake.

It was created by tslib configure 0.0.2, which was
generated by GNU Autoconf 2.69.  Invocation command line was

  $ ./configure --host=arm-linux-gnueabihf --prefix=/opt/tslib-arm-bin

## --------- ##
## Platform. ##
## --------- ##

hostname = rong-desktop
uname -m = x86_64
uname -r = 3.13.0-79-generic
uname -s = Linux
uname -v = #123-Ubuntu SMP Fri Feb 19 14:27:58 UTC 2016

/usr/bin/uname -p = unknown
/bin/uname -X     = unknown

/bin/arch              = unknown
/usr/bin/arch -k       = unknown
/usr/convex/getsysinfo = unknown
/usr/bin/hostinfo      = unknown
/bin/machine           = unknown
/usr/bin/oslevel       = unknown
/bin/universe          = unknown

PATH: /usr/local/sbin
PATH: /usr/local/bin
PATH: /usr/sbin
PATH: /usr/bin
PATH: /sbin
PATH: /bin
PATH: /usr/games
PATH: /usr/local/games
PATH: /opt/toolchains/gcc-linaro-4.9-2015.05-x86_64_arm-linux-gnueabihf/bin/


## ----------- ##
## Core tests. ##
## ----------- ##

configure:2519: checking for a BSD-compatible install
configure:2587: result: /usr/bin/install -c
configure:2598: checking whether build environment is sane
configure:2653: result: yes
configure:2712: checking for arm-linux-gnueabihf-strip
configure:2728: found /opt/toolchains/gcc-linaro-4.9-2015.05-x86_64_arm-linux-gnueabihf/bin//arm-linux-gnueabihf-strip
configure:2739: result: arm-linux-gnueabihf-strip
configure:2804: checking for a thread-safe mkdir -p
configure:2843: result: /bin/mkdir -p
configure:2850: checking for gawk
configure:2880: result: no
configure:2850: checking for mawk
configure:2866: found /usr/bin/mawk
configure:2877: result: mawk
configure:2888: checking whether make sets $(MAKE)
configure:2910: result: yes
configure:2939: checking whether make supports nested variables
configure:2956: result: yes
configure:3110: checking for arm-linux-gnueabihf-g++
configure:3126: found /opt/toolchains/gcc-linaro-4.9-2015.05-x86_64_arm-linux-gnueabihf/bin//arm-linux-gnueabihf-g++
configure:3137: result: arm-linux-gnueabihf-g++
configure:3208: checking for C++ compiler version
configure:3217: arm-linux-gnueabihf-g++ --version >&5
arm-linux-gnueabihf-g++ (Linaro GCC 4.9-2015.05) 4.9.3 20150413 (prerelease)
Copyright (C) 2014 Free Software Foundation, Inc.
This is free software; see the source for copying conditions.  There is NO
warranty; not even for MERCHANTABILITY or FITNESS FOR A PARTICULAR PURPOSE.

configure:3228: $? = 0
configure:3217: arm-linux-gnueabihf-g++ -v >&5
Using built-in specs.
COLLECT_GCC=arm-linux-gnueabihf-g++
COLLECT_LTO_WRAPPER=/opt/toolchains/gcc-linaro-4.9-2015.05-x86_64_arm-linux-gnueabihf/bin/../libexec/gcc/arm-linux-gnueabihf/4.9.3/lto-wrapper
Target: arm-linux-gnueabihf
Configured with: /home/tcwg-buildslave/workspace/tcwg-make-release/label/tcwg-x86_64/target/arm-linux-gnueabihf/snapshots/gcc-linaro-4.9-2015.05/configure SHELL=/bin/bash --with-bugurl=https://bugs.linaro.org --with-mpc=/home/tcwg-buildslave/workspace/tcwg-make-release/label/tcwg-x86_64/target/arm-linux-gnueabihf/_build/builds/destdir/x86_64-unknown-linux-gnu --with-mpfr=/home/tcwg-buildslave/workspace/tcwg-make-release/label/tcwg-x86_64/target/arm-linux-gnueabihf/_build/builds/destdir/x86_64-unknown-linux-gnu --with-gmp=/home/tcwg-buildslave/workspace/tcwg-make-release/label/tcwg-x86_64/target/arm-linux-gnueabihf/_build/builds/destdir/x86_64-unknown-linux-gnu --with-gnu-as --with-gnu-ld --disable-libstdcxx-pch --disable-libmudflap --with-cloog=no --with-ppl=no --with-isl=no --disable-nls --enable-c99 --with-tune=cortex-a9 --with-arch=armv7-a --with-fpu=vfpv3-d16 --with-float=hard --with-mode=thumb --disable-multilib --enable-multiarch --with-build-sysroot=/home/tcwg-buildslave/workspace/tcwg-make-release/label/tcwg-x86_64/target/arm-linux-gnueabihf/_build/sysroots/arm-linux-gnueabihf --enable-lto --enable-linker-build-id --enable-long-long --enable-shared --with-sysroot=/home/tcwg-buildslave/workspace/tcwg-make-release/label/tcwg-x86_64/target/arm-linux-gnueabihf/_build/builds/destdir/x86_64-unknown-linux-gnu/arm-linux-gnueabihf/libc --enable-languages=c,c++,fortran,lto --enable-checking=release --disable-bootstrap --with-bugurl=https://bugs.linaro.org --build=x86_64-unknown-linux-gnu --host=x86_64-unknown-linux-gnu --target=arm-linux-gnueabihf --prefix=/home/tcwg-buildslave/workspace/tcwg-make-release/label/tcwg-x86_64/target/arm-linux-gnueabihf/_build/builds/destdir/x86_64-unknown-linux-gnu
Thread model: posix
gcc version 4.9.3 20150413 (prerelease) (Linaro GCC 4.9-2015.05) 
configure:3228: $? = 0
configure:3217: arm-linux-gnueabihf-g++ -V >&5
arm-linux-gnueabihf-g++: error: unrecognized command line option '-V'
arm-linux-gnueabihf-g++: fatal error: no input files
compilation terminated.
configure:3228: $? = 1
configure:3217: arm-linux-gnueabihf-g++ -qversion >&5
arm-linux-gnueabihf-g++: error: unrecognized command line option '-qversion'
arm-linux-gnueabihf-g++: fatal error: no input files
compilation terminated.
configure:3228: $? = 1
configure:3248: checking whether the C++ compiler works
configure:3270: arm-linux-gnueabihf-g++    conftest.cpp  >&5
configure:3274: $? = 0
configure:3322: result: yes
configure:3325: checking for C++ compiler default output file name
configure:3327: result: a.out
configure:3333: checking for suffix of executables
configure:3340: arm-linux-gnueabihf-g++ -o conftest    conftest.cpp  >&5
configure:3344: $? = 0
configure:3366: result: 
configure:3388: checking whether we are cross compiling
configure:3396: arm-linux-gnueabihf-g++ -o conftest    conftest.cpp  >&5
configure:3400: $? = 0
configure:3407: ./conftest
./configure: line 3409: ./conftest: cannot execute binary file: Exec format error
configure:3411: $? = 126
configure:3426: result: yes
configure:3431: checking for suffix of object files
configure:3453: arm-linux-gnueabihf-g++ -c   conftest.cpp >&5
configure:3457: $? = 0
configure:3478: result: o
configure:3482: checking whether we are using the GNU C++ compiler
configure:3501: arm-linux-gnueabihf-g++ -c   conftest.cpp >&5
configure:3501: $? = 0
configure:3510: result: yes
configure:3519: checking whether arm-linux-gnueabihf-g++ accepts -g
configure:3539: arm-linux-gnueabihf-g++ -c -g  conftest.cpp >&5
configure:3539: $? = 0
configure:3580: result: yes
configure:3614: checking for style of include used by make
configure:3642: result: GNU
configure:3668: checking dependency style of arm-linux-gnueabihf-g++
configure:3779: result: gcc3
configure:3802: checking for arm-linux-gnueabihf-gcc
configure:3818: found /opt/toolchains/gcc-linaro-4.9-2015.05-x86_64_arm-linux-gnueabihf/bin//arm-linux-gnueabihf-gcc
configure:3829: result: arm-linux-gnueabihf-gcc
configure:4098: checking for C compiler version
configure:4107: arm-linux-gnueabihf-gcc --version >&5
arm-linux-gnueabihf-gcc (Linaro GCC 4.9-2015.05) 4.9.3 20150413 (prerelease)
Copyright (C) 2014 Free Software Foundation, Inc.
This is free software; see the source for copying conditions.  There is NO
warranty; not even for MERCHANTABILITY or FITNESS FOR A PARTICULAR PURPOSE.

configure:4118: $? = 0
configure:4107: arm-linux-gnueabihf-gcc -v >&5
Using built-in specs.
COLLECT_GCC=arm-linux-gnueabihf-gcc
COLLECT_LTO_WRAPPER=/opt/toolchains/gcc-linaro-4.9-2015.05-x86_64_arm-linux-gnueabihf/bin/../libexec/gcc/arm-linux-gnueabihf/4.9.3/lto-wrapper
Target: arm-linux-gnueabihf
Configured with: /home/tcwg-buildslave/workspace/tcwg-make-release/label/tcwg-x86_64/target/arm-linux-gnueabihf/snapshots/gcc-linaro-4.9-2015.05/configure SHELL=/bin/bash --with-bugurl=https://bugs.linaro.org --with-mpc=/home/tcwg-buildslave/workspace/tcwg-make-release/label/tcwg-x86_64/target/arm-linux-gnueabihf/_build/builds/destdir/x86_64-unknown-linux-gnu --with-mpfr=/home/tcwg-buildslave/workspace/tcwg-make-release/label/tcwg-x86_64/target/arm-linux-gnueabihf/_build/builds/destdir/x86_64-unknown-linux-gnu --with-gmp=/home/tcwg-buildslave/workspace/tcwg-make-release/label/tcwg-x86_64/target/arm-linux-gnueabihf/_build/builds/destdir/x86_64-unknown-linux-gnu --with-gnu-as --with-gnu-ld --disable-libstdcxx-pch --disable-libmudflap --with-cloog=no --with-ppl=no --with-isl=no --disable-nls --enable-c99 --with-tune=cortex-a9 --with-arch=armv7-a --with-fpu=vfpv3-d16 --with-float=hard --with-mode=thumb --disable-multilib --enable-multiarch --with-build-sysroot=/home/tcwg-buildslave/workspace/tcwg-make-release/label/tcwg-x86_64/target/arm-linux-gnueabihf/_build/sysroots/arm-linux-gnueabihf --enable-lto --enable-linker-build-id --enable-long-long --enable-shared --with-sysroot=/home/tcwg-buildslave/workspace/tcwg-make-release/label/tcwg-x86_64/target/arm-linux-gnueabihf/_build/builds/destdir/x86_64-unknown-linux-gnu/arm-linux-gnueabihf/libc --enable-languages=c,c++,fortran,lto --enable-checking=release --disable-bootstrap --with-bugurl=https://bugs.linaro.org --build=x86_64-unknown-linux-gnu --host=x86_64-unknown-linux-gnu --target=arm-linux-gnueabihf --prefix=/home/tcwg-buildslave/workspace/tcwg-make-release/label/tcwg-x86_64/target/arm-linux-gnueabihf/_build/builds/destdir/x86_64-unknown-linux-gnu
Thread model: posix
gcc version 4.9.3 20150413 (prerelease) (Linaro GCC 4.9-2015.05) 
configure:4118: $? = 0
configure:4107: arm-linux-gnueabihf-gcc -V >&5
arm-linux-gnueabihf-gcc: error: unrecognized command line option '-V'
arm-linux-gnueabihf-gcc: fatal error: no input files
compilation terminated.
configure:4118: $? = 1
configure:4107: arm-linux-gnueabihf-gcc -qversion >&5
arm-linux-gnueabihf-gcc: error: unrecognized command line option '-qversion'
arm-linux-gnueabihf-gcc: fatal error: no input files
compilation terminated.
configure:4118: $? = 1
configure:4122: checking whether we are using the GNU C compiler
configure:4141: arm-linux-gnueabihf-gcc -c -O2 -Wall -W  conftest.c >&5
configure:4141: $? = 0
configure:4150: result: yes
configure:4159: checking whether arm-linux-gnueabihf-gcc accepts -g
configure:4179: arm-linux-gnueabihf-gcc -c -g  conftest.c >&5
configure:4179: $? = 0
configure:4220: result: yes
configure:4237: checking for arm-linux-gnueabihf-gcc option to accept ISO C89
configure:4300: arm-linux-gnueabihf-gcc  -c -O2 -Wall -W  conftest.c >&5
configure:4300: $? = 0
configure:4313: result: none needed
configure:4338: checking whether arm-linux-gnueabihf-gcc understands -c and -o together
configure:4360: arm-linux-gnueabihf-gcc -c conftest.c -o conftest2.o
configure:4363: $? = 0
configure:4360: arm-linux-gnueabihf-gcc -c conftest.c -o conftest2.o
configure:4363: $? = 0
configure:4375: result: yes
configure:4394: checking dependency style of arm-linux-gnueabihf-gcc
configure:4505: result: gcc3
configure:4525: checking how to run the C preprocessor
configure:4556: arm-linux-gnueabihf-gcc -E  conftest.c
configure:4556: $? = 0
configure:4570: arm-linux-gnueabihf-gcc -E  conftest.c
conftest.c:11:28: fatal error: ac_nonexistent.h: No such file or directory
 #include <ac_nonexistent.h>
                            ^
compilation terminated.
configure:4570: $? = 1
configure: failed program was:
| /* confdefs.h */
| #define PACKAGE_NAME "tslib"
| #define PACKAGE_TARNAME "tslib"
| #define PACKAGE_VERSION "0.0.2"
| #define PACKAGE_STRING "tslib 0.0.2"
| #define PACKAGE_BUGREPORT "kergoth@handhelds.org"
| #define PACKAGE_URL ""
| #define PACKAGE "tslib"
| #define VERSION "0.0.2"
| /* end confdefs.h.  */
| #include <ac_nonexistent.h>
configure:4595: result: arm-linux-gnueabihf-gcc -E
configure:4615: arm-linux-gnueabihf-gcc -E  conftest.c
configure:4615: $? = 0
configure:4629: arm-linux-gnueabihf-gcc -E  conftest.c
conftest.c:11:28: fatal error: ac_nonexistent.h: No such file or directory
 #include <ac_nonexistent.h>
                            ^
compilation terminated.
configure:4629: $? = 1
configure: failed program was:
| /* confdefs.h */
| #define PACKAGE_NAME "tslib"
| #define PACKAGE_TARNAME "tslib"
| #define PACKAGE_VERSION "0.0.2"
| #define PACKAGE_STRING "tslib 0.0.2"
| #define PACKAGE_BUGREPORT "kergoth@handhelds.org"
| #define PACKAGE_URL ""
| #define PACKAGE "tslib"
| #define VERSION "0.0.2"
| /* end confdefs.h.  */
| #include <ac_nonexistent.h>
configure:4661: checking whether the C compiler supports -fvisibility=hidden
configure:4678: arm-linux-gnueabihf-gcc -c -fvisibility=hidden -O2 -Wall -W  conftest.c >&5
configure:4678: $? = 0
configure:4686: result: yes
configure:4694: checking whether to use -fvisibility=hidden
configure:4707: result: yes
configure:4717: checking whether ln -s works
configure:4721: result: yes
configure:4728: checking whether make sets $(MAKE)
configure:4750: result: yes
configure:4854: checking build system type
configure:4868: result: x86_64-unknown-linux-gnu
configure:4888: checking host system type
configure:4901: result: arm-unknown-linux-gnueabihf
configure:4942: checking how to print strings
configure:4969: result: printf
configure:4990: checking for a sed that does not truncate output
configure:5054: result: /bin/sed
configure:5072: checking for grep that handles long lines and -e
configure:5130: result: /bin/grep
configure:5135: checking for egrep
configure:5197: result: /bin/grep -E
configure:5202: checking for fgrep
configure:5264: result: /bin/grep -F
configure:5299: checking for ld used by arm-linux-gnueabihf-gcc
configure:5366: result: /opt/toolchains/gcc-linaro-4.9-2015.05-x86_64_arm-linux-gnueabihf/arm-linux-gnueabihf/bin/ld
configure:5373: checking if the linker (/opt/toolchains/gcc-linaro-4.9-2015.05-x86_64_arm-linux-gnueabihf/arm-linux-gnueabihf/bin/ld) is GNU ld
configure:5388: result: yes
configure:5400: checking for BSD- or MS-compatible name lister (nm)
configure:5449: result: /opt/toolchains/gcc-linaro-4.9-2015.05-x86_64_arm-linux-gnueabihf/bin//arm-linux-gnueabihf-nm -B
configure:5579: checking the name lister (/opt/toolchains/gcc-linaro-4.9-2015.05-x86_64_arm-linux-gnueabihf/bin//arm-linux-gnueabihf-nm -B) interface
configure:5586: arm-linux-gnueabihf-gcc -c -DGCC_HASCLASSVISIBILITY -O2 -Wall -W  conftest.c >&5
configure:5589: /opt/toolchains/gcc-linaro-4.9-2015.05-x86_64_arm-linux-gnueabihf/bin//arm-linux-gnueabihf-nm -B "conftest.o"
configure:5592: output
00000000 B some_variable
configure:5599: result: BSD nm
configure:5603: checking the maximum length of command line arguments
configure:5734: result: 1572864
configure:5751: checking whether the shell understands some XSI constructs
configure:5761: result: yes
configure:5765: checking whether the shell understands "+="
configure:5771: result: yes
configure:5806: checking how to convert x86_64-unknown-linux-gnu file names to arm-unknown-linux-gnueabihf format
configure:5846: result: func_convert_file_noop
configure:5853: checking how to convert x86_64-unknown-linux-gnu file names to toolchain format
configure:5873: result: func_convert_file_noop
configure:5880: checking for /opt/toolchains/gcc-linaro-4.9-2015.05-x86_64_arm-linux-gnueabihf/arm-linux-gnueabihf/bin/ld option to reload object files
configure:5887: result: -r
configure:5921: checking for arm-linux-gnueabihf-objdump
configure:5937: found /opt/toolchains/gcc-linaro-4.9-2015.05-x86_64_arm-linux-gnueabihf/bin//arm-linux-gnueabihf-objdump
configure:5948: result: arm-linux-gnueabihf-objdump
configure:6020: checking how to recognize dependent libraries
configure:6218: result: pass_all
configure:6263: checking for arm-linux-gnueabihf-dlltool
configure:6293: result: no
configure:6303: checking for dlltool
configure:6333: result: no
configure:6363: checking how to associate runtime and link libraries
configure:6390: result: printf %s\n
configure:6406: checking for arm-linux-gnueabihf-ar
configure:6422: found /opt/toolchains/gcc-linaro-4.9-2015.05-x86_64_arm-linux-gnueabihf/bin//arm-linux-gnueabihf-ar
configure:6433: result: arm-linux-gnueabihf-ar
configure:6514: checking for archiver @FILE support
configure:6531: arm-linux-gnueabihf-gcc -c -DGCC_HASCLASSVISIBILITY -O2 -Wall -W  conftest.c >&5
configure:6531: $? = 0
configure:6534: arm-linux-gnueabihf-ar cru libconftest.a @conftest.lst >&5
configure:6537: $? = 0
configure:6542: arm-linux-gnueabihf-ar cru libconftest.a @conftest.lst >&5
arm-linux-gnueabihf-ar: conftest.o: No such file or directory
configure:6545: $? = 1
configure:6557: result: @
configure:6575: checking for arm-linux-gnueabihf-strip
configure:6602: result: arm-linux-gnueabihf-strip
configure:6674: checking for arm-linux-gnueabihf-ranlib
configure:6690: found /opt/toolchains/gcc-linaro-4.9-2015.05-x86_64_arm-linux-gnueabihf/bin//arm-linux-gnueabihf-ranlib
configure:6701: result: arm-linux-gnueabihf-ranlib
configure:6843: checking command to parse /opt/toolchains/gcc-linaro-4.9-2015.05-x86_64_arm-linux-gnueabihf/bin//arm-linux-gnueabihf-nm -B output from arm-linux-gnueabihf-gcc object
configure:6963: arm-linux-gnueabihf-gcc -c -DGCC_HASCLASSVISIBILITY -O2 -Wall -W  conftest.c >&5
configure:6966: $? = 0
configure:6970: /opt/toolchains/gcc-linaro-4.9-2015.05-x86_64_arm-linux-gnueabihf/bin//arm-linux-gnueabihf-nm -B conftest.o \| sed -n -e 's/^.*[ ]\([ABCDGIRSTW][ABCDGIRSTW]*\)[ ][ ]*\([_A-Za-z][_A-Za-z0-9]*\)$/\1 \2 \2/p' | sed '/ __gnu_lto/d' \> conftest.nm
configure:6973: $? = 0
configure:7039: arm-linux-gnueabihf-gcc -o conftest -DGCC_HASCLASSVISIBILITY -O2 -Wall -W   conftest.c conftstm.o >&5
configure:7042: $? = 0
configure:7080: result: ok
configure:7117: checking for sysroot
configure:7147: result: no
configure:7376: checking for arm-linux-gnueabihf-mt
configure:7406: result: no
configure:7416: checking for mt
configure:7432: found /bin/mt
configure:7443: result: mt
configure:7455: WARNING: using cross tools not prefixed with host triplet
configure:7466: checking if mt is a manifest tool
configure:7472: mt '-?'
configure:7480: result: no
configure:8118: checking for ANSI C header files
configure:8138: arm-linux-gnueabihf-gcc -c -DGCC_HASCLASSVISIBILITY -O2 -Wall -W  conftest.c >&5
configure:8138: $? = 0
configure:8222: result: yes
configure:8235: checking for sys/types.h
configure:8235: arm-linux-gnueabihf-gcc -c -DGCC_HASCLASSVISIBILITY -O2 -Wall -W  conftest.c >&5
configure:8235: $? = 0
configure:8235: result: yes
configure:8235: checking for sys/stat.h
configure:8235: arm-linux-gnueabihf-gcc -c -DGCC_HASCLASSVISIBILITY -O2 -Wall -W  conftest.c >&5
configure:8235: $? = 0
configure:8235: result: yes
configure:8235: checking for stdlib.h
configure:8235: arm-linux-gnueabihf-gcc -c -DGCC_HASCLASSVISIBILITY -O2 -Wall -W  conftest.c >&5
configure:8235: $? = 0
configure:8235: result: yes
configure:8235: checking for string.h
configure:8235: arm-linux-gnueabihf-gcc -c -DGCC_HASCLASSVISIBILITY -O2 -Wall -W  conftest.c >&5
configure:8235: $? = 0
configure:8235: result: yes
configure:8235: checking for memory.h
configure:8235: arm-linux-gnueabihf-gcc -c -DGCC_HASCLASSVISIBILITY -O2 -Wall -W  conftest.c >&5
configure:8235: $? = 0
configure:8235: result: yes
configure:8235: checking for strings.h
configure:8235: arm-linux-gnueabihf-gcc -c -DGCC_HASCLASSVISIBILITY -O2 -Wall -W  conftest.c >&5
configure:8235: $? = 0
configure:8235: result: yes
configure:8235: checking for inttypes.h
configure:8235: arm-linux-gnueabihf-gcc -c -DGCC_HASCLASSVISIBILITY -O2 -Wall -W  conftest.c >&5
configure:8235: $? = 0
configure:8235: result: yes
configure:8235: checking for stdint.h
configure:8235: arm-linux-gnueabihf-gcc -c -DGCC_HASCLASSVISIBILITY -O2 -Wall -W  conftest.c >&5
configure:8235: $? = 0
configure:8235: result: yes
configure:8235: checking for unistd.h
configure:8235: arm-linux-gnueabihf-gcc -c -DGCC_HASCLASSVISIBILITY -O2 -Wall -W  conftest.c >&5
configure:8235: $? = 0
configure:8235: result: yes
configure:8249: checking for dlfcn.h
configure:8249: arm-linux-gnueabihf-gcc -c -DGCC_HASCLASSVISIBILITY -O2 -Wall -W  conftest.c >&5
configure:8249: $? = 0
configure:8249: result: yes
configure:8404: checking for objdir
configure:8419: result: .libs
configure:8690: checking if arm-linux-gnueabihf-gcc supports -fno-rtti -fno-exceptions
configure:8708: arm-linux-gnueabihf-gcc -c -DGCC_HASCLASSVISIBILITY -O2 -Wall -W  -fno-rtti -fno-exceptions conftest.c >&5
cc1: warning: command line option '-fno-rtti' is valid for C++/ObjC++ but not for C
configure:8712: $? = 0
configure:8725: result: no
configure:9052: checking for arm-linux-gnueabihf-gcc option to produce PIC
configure:9059: result: -fPIC -DPIC
configure:9067: checking if arm-linux-gnueabihf-gcc PIC flag -fPIC -DPIC works
configure:9085: arm-linux-gnueabihf-gcc -c -DGCC_HASCLASSVISIBILITY -O2 -Wall -W  -fPIC -DPIC -DPIC conftest.c >&5
configure:9089: $? = 0
configure:9102: result: yes
configure:9131: checking if arm-linux-gnueabihf-gcc static flag -static works
configure:9159: result: yes
configure:9174: checking if arm-linux-gnueabihf-gcc supports -c -o file.o
configure:9195: arm-linux-gnueabihf-gcc -c -DGCC_HASCLASSVISIBILITY -O2 -Wall -W  -o out/conftest2.o conftest.c >&5
configure:9199: $? = 0
configure:9221: result: yes
configure:9229: checking if arm-linux-gnueabihf-gcc supports -c -o file.o
configure:9276: result: yes
configure:9309: checking whether the arm-linux-gnueabihf-gcc linker (/opt/toolchains/gcc-linaro-4.9-2015.05-x86_64_arm-linux-gnueabihf/arm-linux-gnueabihf/bin/ld) supports shared libraries
configure:10466: result: yes
configure:10503: checking whether -lc should be explicitly linked in
configure:10511: arm-linux-gnueabihf-gcc -c -DGCC_HASCLASSVISIBILITY -O2 -Wall -W  conftest.c >&5
configure:10514: $? = 0
configure:10529: arm-linux-gnueabihf-gcc -shared  -fPIC -DPIC conftest.o  -v -Wl,-soname -Wl,conftest -o conftest 2\>\&1 \| /bin/grep  -lc  \>/dev/null 2\>\&1
configure:10532: $? = 0
configure:10546: result: no
configure:10706: checking dynamic linker characteristics
configure:11206: arm-linux-gnueabihf-gcc -o conftest -DGCC_HASCLASSVISIBILITY -O2 -Wall -W   -Wl,-rpath -Wl,/foo conftest.c  >&5
configure:11206: $? = 0
configure:11440: result: GNU/Linux ld.so
configure:11547: checking how to hardcode library paths into programs
configure:11572: result: immediate
configure:11666: checking for shl_load
configure:11666: arm-linux-gnueabihf-gcc -o conftest -DGCC_HASCLASSVISIBILITY -O2 -Wall -W   conftest.c  >&5
/tmp/ccmip9b2.o: In function `main':
conftest.c:(.text.startup+0x2): undefined reference to `shl_load'
collect2: error: ld returned 1 exit status
configure:11666: $? = 1
configure: failed program was:
| /* confdefs.h */
| #define PACKAGE_NAME "tslib"
| #define PACKAGE_TARNAME "tslib"
| #define PACKAGE_VERSION "0.0.2"
| #define PACKAGE_STRING "tslib 0.0.2"
| #define PACKAGE_BUGREPORT "kergoth@handhelds.org"
| #define PACKAGE_URL ""
| #define PACKAGE "tslib"
| #define VERSION "0.0.2"
| #define STDC_HEADERS 1
| #define HAVE_SYS_TYPES_H 1
| #define HAVE_SYS_STAT_H 1
| #define HAVE_STDLIB_H 1
| #define HAVE_STRING_H 1
| #define HAVE_MEMORY_H 1
| #define HAVE_STRINGS_H 1
| #define HAVE_INTTYPES_H 1
| #define HAVE_STDINT_H 1
| #define HAVE_UNISTD_H 1
| #define HAVE_DLFCN_H 1
| #define LT_OBJDIR ".libs/"
| /* end confdefs.h.  */
| /* Define shl_load to an innocuous variant, in case <limits.h> declares shl_load.
|    For example, HP-UX 11i <limits.h> declares gettimeofday.  */
| #define shl_load innocuous_shl_load
| 
| /* System header to define __stub macros and hopefully few prototypes,
|     which can conflict with char shl_load (); below.
|     Prefer <limits.h> to <assert.h> if __STDC__ is defined, since
|     <limits.h> exists even on freestanding compilers.  */
| 
| #ifdef __STDC__
| # include <limits.h>
| #else
| # include <assert.h>
| #endif
| 
| #undef shl_load
| 
| /* Override any GCC internal prototype to avoid an error.
|    Use char because int might match the return type of a GCC
|    builtin and then its argument prototype would still apply.  */
| #ifdef __cplusplus
| extern "C"
| #endif
| char shl_load ();
| /* The GNU C library defines this for functions which it implements
|     to always fail with ENOSYS.  Some functions are actually named
|     something starting with __ and the normal name is an alias.  */
| #if defined __stub_shl_load || defined __stub___shl_load
| choke me
| #endif
| 
| int
| main ()
| {
| return shl_load ();
|   ;
|   return 0;
| }
configure:11666: result: no
configure:11670: checking for shl_load in -ldld
configure:11695: arm-linux-gnueabihf-gcc -o conftest -DGCC_HASCLASSVISIBILITY -O2 -Wall -W   conftest.c -ldld   >&5
/opt/toolchains/gcc-linaro-4.9-2015.05-x86_64_arm-linux-gnueabihf/bin/../lib/gcc/arm-linux-gnueabihf/4.9.3/../../../../arm-linux-gnueabihf/bin/ld: cannot find -ldld
collect2: error: ld returned 1 exit status
configure:11695: $? = 1
configure: failed program was:
| /* confdefs.h */
| #define PACKAGE_NAME "tslib"
| #define PACKAGE_TARNAME "tslib"
| #define PACKAGE_VERSION "0.0.2"
| #define PACKAGE_STRING "tslib 0.0.2"
| #define PACKAGE_BUGREPORT "kergoth@handhelds.org"
| #define PACKAGE_URL ""
| #define PACKAGE "tslib"
| #define VERSION "0.0.2"
| #define STDC_HEADERS 1
| #define HAVE_SYS_TYPES_H 1
| #define HAVE_SYS_STAT_H 1
| #define HAVE_STDLIB_H 1
| #define HAVE_STRING_H 1
| #define HAVE_MEMORY_H 1
| #define HAVE_STRINGS_H 1
| #define HAVE_INTTYPES_H 1
| #define HAVE_STDINT_H 1
| #define HAVE_UNISTD_H 1
| #define HAVE_DLFCN_H 1
| #define LT_OBJDIR ".libs/"
| /* end confdefs.h.  */
| 
| /* Override any GCC internal prototype to avoid an error.
|    Use char because int might match the return type of a GCC
|    builtin and then its argument prototype would still apply.  */
| #ifdef __cplusplus
| extern "C"
| #endif
| char shl_load ();
| int
| main ()
| {
| return shl_load ();
|   ;
|   return 0;
| }
configure:11704: result: no
configure:11709: checking for dlopen
configure:11709: arm-linux-gnueabihf-gcc -o conftest -DGCC_HASCLASSVISIBILITY -O2 -Wall -W   conftest.c  >&5
/tmp/ccZri8ea.o: In function `main':
conftest.c:(.text.startup+0x2): undefined reference to `dlopen'
collect2: error: ld returned 1 exit status
configure:11709: $? = 1
configure: failed program was:
| /* confdefs.h */
| #define PACKAGE_NAME "tslib"
| #define PACKAGE_TARNAME "tslib"
| #define PACKAGE_VERSION "0.0.2"
| #define PACKAGE_STRING "tslib 0.0.2"
| #define PACKAGE_BUGREPORT "kergoth@handhelds.org"
| #define PACKAGE_URL ""
| #define PACKAGE "tslib"
| #define VERSION "0.0.2"
| #define STDC_HEADERS 1
| #define HAVE_SYS_TYPES_H 1
| #define HAVE_SYS_STAT_H 1
| #define HAVE_STDLIB_H 1
| #define HAVE_STRING_H 1
| #define HAVE_MEMORY_H 1
| #define HAVE_STRINGS_H 1
| #define HAVE_INTTYPES_H 1
| #define HAVE_STDINT_H 1
| #define HAVE_UNISTD_H 1
| #define HAVE_DLFCN_H 1
| #define LT_OBJDIR ".libs/"
| /* end confdefs.h.  */
| /* Define dlopen to an innocuous variant, in case <limits.h> declares dlopen.
|    For example, HP-UX 11i <limits.h> declares gettimeofday.  */
| #define dlopen innocuous_dlopen
| 
| /* System header to define __stub macros and hopefully few prototypes,
|     which can conflict with char dlopen (); below.
|     Prefer <limits.h> to <assert.h> if __STDC__ is defined, since
|     <limits.h> exists even on freestanding compilers.  */
| 
| #ifdef __STDC__
| # include <limits.h>
| #else
| # include <assert.h>
| #endif
| 
| #undef dlopen
| 
| /* Override any GCC internal prototype to avoid an error.
|    Use char because int might match the return type of a GCC
|    builtin and then its argument prototype would still apply.  */
| #ifdef __cplusplus
| extern "C"
| #endif
| char dlopen ();
| /* The GNU C library defines this for functions which it implements
|     to always fail with ENOSYS.  Some functions are actually named
|     something starting with __ and the normal name is an alias.  */
| #if defined __stub_dlopen || defined __stub___dlopen
| choke me
| #endif
| 
| int
| main ()
| {
| return dlopen ();
|   ;
|   return 0;
| }
configure:11709: result: no
configure:11713: checking for dlopen in -ldl
configure:11738: arm-linux-gnueabihf-gcc -o conftest -DGCC_HASCLASSVISIBILITY -O2 -Wall -W   conftest.c -ldl   >&5
configure:11738: $? = 0
configure:11747: result: yes
configure:11866: checking whether a program can dlopen itself
configure:11967: result: cross
configure:12112: checking whether stripping libraries is possible
configure:12117: result: yes
configure:12152: checking if libtool supports shared libraries
configure:12154: result: yes
configure:12157: checking whether to build shared libraries
configure:12178: result: yes
configure:12181: checking whether to build static libraries
configure:12185: result: no
configure:12208: checking how to run the C++ preprocessor
configure:12235: arm-linux-gnueabihf-g++ -E  conftest.cpp
configure:12235: $? = 0
configure:12249: arm-linux-gnueabihf-g++ -E  conftest.cpp
conftest.cpp:23:28: fatal error: ac_nonexistent.h: No such file or directory
 #include <ac_nonexistent.h>
                            ^
compilation terminated.
configure:12249: $? = 1
configure: failed program was:
| /* confdefs.h */
| #define PACKAGE_NAME "tslib"
| #define PACKAGE_TARNAME "tslib"
| #define PACKAGE_VERSION "0.0.2"
| #define PACKAGE_STRING "tslib 0.0.2"
| #define PACKAGE_BUGREPORT "kergoth@handhelds.org"
| #define PACKAGE_URL ""
| #define PACKAGE "tslib"
| #define VERSION "0.0.2"
| #define STDC_HEADERS 1
| #define HAVE_SYS_TYPES_H 1
| #define HAVE_SYS_STAT_H 1
| #define HAVE_STDLIB_H 1
| #define HAVE_STRING_H 1
| #define HAVE_MEMORY_H 1
| #define HAVE_STRINGS_H 1
| #define HAVE_INTTYPES_H 1
| #define HAVE_STDINT_H 1
| #define HAVE_UNISTD_H 1
| #define HAVE_DLFCN_H 1
| #define LT_OBJDIR ".libs/"
| /* end confdefs.h.  */
| #include <ac_nonexistent.h>
configure:12274: result: arm-linux-gnueabihf-g++ -E
configure:12294: arm-linux-gnueabihf-g++ -E  conftest.cpp
configure:12294: $? = 0
configure:12308: arm-linux-gnueabihf-g++ -E  conftest.cpp
conftest.cpp:23:28: fatal error: ac_nonexistent.h: No such file or directory
 #include <ac_nonexistent.h>
                            ^
compilation terminated.
configure:12308: $? = 1
configure: failed program was:
| /* confdefs.h */
| #define PACKAGE_NAME "tslib"
| #define PACKAGE_TARNAME "tslib"
| #define PACKAGE_VERSION "0.0.2"
| #define PACKAGE_STRING "tslib 0.0.2"
| #define PACKAGE_BUGREPORT "kergoth@handhelds.org"
| #define PACKAGE_URL ""
| #define PACKAGE "tslib"
| #define VERSION "0.0.2"
| #define STDC_HEADERS 1
| #define HAVE_SYS_TYPES_H 1
| #define HAVE_SYS_STAT_H 1
| #define HAVE_STDLIB_H 1
| #define HAVE_STRING_H 1
| #define HAVE_MEMORY_H 1
| #define HAVE_STRINGS_H 1
| #define HAVE_INTTYPES_H 1
| #define HAVE_STDINT_H 1
| #define HAVE_UNISTD_H 1
| #define HAVE_DLFCN_H 1
| #define LT_OBJDIR ".libs/"
| /* end confdefs.h.  */
| #include <ac_nonexistent.h>
configure:12477: checking for ld used by arm-linux-gnueabihf-g++
configure:12544: result: /opt/toolchains/gcc-linaro-4.9-2015.05-x86_64_arm-linux-gnueabihf/arm-linux-gnueabihf/bin/ld
configure:12551: checking if the linker (/opt/toolchains/gcc-linaro-4.9-2015.05-x86_64_arm-linux-gnueabihf/arm-linux-gnueabihf/bin/ld) is GNU ld
configure:12566: result: yes
configure:12621: checking whether the arm-linux-gnueabihf-g++ linker (/opt/toolchains/gcc-linaro-4.9-2015.05-x86_64_arm-linux-gnueabihf/arm-linux-gnueabihf/bin/ld) supports shared libraries
configure:13623: result: yes
configure:13659: arm-linux-gnueabihf-g++ -c -g -O2  conftest.cpp >&5
configure:13662: $? = 0
configure:14182: checking for arm-linux-gnueabihf-g++ option to produce PIC
configure:14189: result: -fPIC -DPIC
configure:14197: checking if arm-linux-gnueabihf-g++ PIC flag -fPIC -DPIC works
configure:14215: arm-linux-gnueabihf-g++ -c -g -O2  -fPIC -DPIC -DPIC conftest.cpp >&5
configure:14219: $? = 0
configure:14232: result: yes
configure:14255: checking if arm-linux-gnueabihf-g++ static flag -static works
configure:14283: result: yes
configure:14295: checking if arm-linux-gnueabihf-g++ supports -c -o file.o
configure:14316: arm-linux-gnueabihf-g++ -c -g -O2  -o out/conftest2.o conftest.cpp >&5
configure:14320: $? = 0
configure:14342: result: yes
configure:14347: checking if arm-linux-gnueabihf-g++ supports -c -o file.o
configure:14394: result: yes
configure:14424: checking whether the arm-linux-gnueabihf-g++ linker (/opt/toolchains/gcc-linaro-4.9-2015.05-x86_64_arm-linux-gnueabihf/arm-linux-gnueabihf/bin/ld) supports shared libraries
configure:14463: result: yes
configure:14604: checking dynamic linker characteristics
configure:15272: result: GNU/Linux ld.so
configure:15325: checking how to hardcode library paths into programs
configure:15350: result: immediate
configure:15413: checking for dlopen in -ldl
configure:15447: result: yes
configure:15460: checking for size_t
configure:15460: arm-linux-gnueabihf-gcc -c -DGCC_HASCLASSVISIBILITY -O2 -Wall -W  conftest.c >&5
configure:15460: $? = 0
configure:15460: arm-linux-gnueabihf-gcc -c -DGCC_HASCLASSVISIBILITY -O2 -Wall -W  conftest.c >&5
conftest.c: In function 'main':
conftest.c:60:21: error: expected expression before ')' token
 if (sizeof ((size_t)))
                     ^
configure:15460: $? = 1
configure: failed program was:
| /* confdefs.h */
| #define PACKAGE_NAME "tslib"
| #define PACKAGE_TARNAME "tslib"
| #define PACKAGE_VERSION "0.0.2"
| #define PACKAGE_STRING "tslib 0.0.2"
| #define PACKAGE_BUGREPORT "kergoth@handhelds.org"
| #define PACKAGE_URL ""
| #define PACKAGE "tslib"
| #define VERSION "0.0.2"
| #define STDC_HEADERS 1
| #define HAVE_SYS_TYPES_H 1
| #define HAVE_SYS_STAT_H 1
| #define HAVE_STDLIB_H 1
| #define HAVE_STRING_H 1
| #define HAVE_MEMORY_H 1
| #define HAVE_STRINGS_H 1
| #define HAVE_INTTYPES_H 1
| #define HAVE_STDINT_H 1
| #define HAVE_UNISTD_H 1
| #define HAVE_DLFCN_H 1
| #define LT_OBJDIR ".libs/"
| #define HAVE_LIBDL 1
| /* end confdefs.h.  */
| #include <stdio.h>
| #ifdef HAVE_SYS_TYPES_H
| # include <sys/types.h>
| #endif
| #ifdef HAVE_SYS_STAT_H
| # include <sys/stat.h>
| #endif
| #ifdef STDC_HEADERS
| # include <stdlib.h>
| # include <stddef.h>
| #else
| # ifdef HAVE_STDLIB_H
| #  include <stdlib.h>
| # endif
| #endif
| #ifdef HAVE_STRING_H
| # if !defined STDC_HEADERS && defined HAVE_MEMORY_H
| #  include <memory.h>
| # endif
| # include <string.h>
| #endif
| #ifdef HAVE_STRINGS_H
| # include <strings.h>
| #endif
| #ifdef HAVE_INTTYPES_H
| # include <inttypes.h>
| #endif
| #ifdef HAVE_STDINT_H
| # include <stdint.h>
| #endif
| #ifdef HAVE_UNISTD_H
| # include <unistd.h>
| #endif
| int
| main ()
| {
| if (sizeof ((size_t)))
| 	    return 0;
|   ;
|   return 0;
| }
configure:15460: result: yes
configure:15473: checking for working alloca.h
configure:15490: arm-linux-gnueabihf-gcc -o conftest -DGCC_HASCLASSVISIBILITY -O2 -Wall -W   conftest.c -ldl  >&5
configure:15490: $? = 0
configure:15498: result: yes
configure:15506: checking for alloca
configure:15543: arm-linux-gnueabihf-gcc -o conftest -DGCC_HASCLASSVISIBILITY -O2 -Wall -W   conftest.c -ldl  >&5
configure:15543: $? = 0
configure:15551: result: yes
configure:15657: checking for ANSI C header files
configure:15761: result: yes
configure:15772: checking fcntl.h usability
configure:15772: arm-linux-gnueabihf-gcc -c -DGCC_HASCLASSVISIBILITY -O2 -Wall -W  conftest.c >&5
configure:15772: $? = 0
configure:15772: result: yes
configure:15772: checking fcntl.h presence
configure:15772: arm-linux-gnueabihf-gcc -E  conftest.c
configure:15772: $? = 0
configure:15772: result: yes
configure:15772: checking for fcntl.h
configure:15772: result: yes
configure:15772: checking limits.h usability
configure:15772: arm-linux-gnueabihf-gcc -c -DGCC_HASCLASSVISIBILITY -O2 -Wall -W  conftest.c >&5
configure:15772: $? = 0
configure:15772: result: yes
configure:15772: checking limits.h presence
configure:15772: arm-linux-gnueabihf-gcc -E  conftest.c
configure:15772: $? = 0
configure:15772: result: yes
configure:15772: checking for limits.h
configure:15772: result: yes
configure:15772: checking for stdlib.h
configure:15772: result: yes
configure:15772: checking for string.h
configure:15772: result: yes
configure:15772: checking sys/ioctl.h usability
configure:15772: arm-linux-gnueabihf-gcc -c -DGCC_HASCLASSVISIBILITY -O2 -Wall -W  conftest.c >&5
configure:15772: $? = 0
configure:15772: result: yes
configure:15772: checking sys/ioctl.h presence
configure:15772: arm-linux-gnueabihf-gcc -E  conftest.c
configure:15772: $? = 0
configure:15772: result: yes
configure:15772: checking for sys/ioctl.h
configure:15772: result: yes
configure:15772: checking sys/time.h usability
configure:15772: arm-linux-gnueabihf-gcc -c -DGCC_HASCLASSVISIBILITY -O2 -Wall -W  conftest.c >&5
configure:15772: $? = 0
configure:15772: result: yes
configure:15772: checking sys/time.h presence
configure:15772: arm-linux-gnueabihf-gcc -E  conftest.c
configure:15772: $? = 0
configure:15772: result: yes
configure:15772: checking for sys/time.h
configure:15772: result: yes
configure:15772: checking for unistd.h
configure:15772: result: yes
configure:15784: checking for an ANSI C-conforming const
configure:15850: arm-linux-gnueabihf-gcc -c -DGCC_HASCLASSVISIBILITY -O2 -Wall -W  conftest.c >&5
configure:15850: $? = 0
configure:15857: result: yes
configure:15865: checking for inline
configure:15881: arm-linux-gnueabihf-gcc -c -DGCC_HASCLASSVISIBILITY -O2 -Wall -W  conftest.c >&5
configure:15881: $? = 0
configure:15889: result: inline
configure:15907: checking for size_t
configure:15907: result: yes
configure:15918: checking whether time.h and sys/time.h may both be included
configure:15938: arm-linux-gnueabihf-gcc -c -DGCC_HASCLASSVISIBILITY -O2 -Wall -W  conftest.c >&5
configure:15938: $? = 0
configure:15945: result: yes
configure:15956: checking whether arm-linux-gnueabihf-gcc needs -traditional
configure:15990: result: no
configure:15999: checking for stdlib.h
configure:15999: result: yes
configure:16009: checking for GNU libc compatible malloc
configure:16043: result: no
configure:16070: checking for stdlib.h
configure:16070: result: yes
configure:16070: checking for unistd.h
configure:16070: result: yes
configure:16070: checking for sys/param.h
configure:16070: arm-linux-gnueabihf-gcc -c -DGCC_HASCLASSVISIBILITY -O2 -Wall -W  conftest.c >&5
configure:16070: $? = 0
configure:16070: result: yes
configure:16090: checking for getpagesize
configure:16090: arm-linux-gnueabihf-gcc -o conftest -DGCC_HASCLASSVISIBILITY -O2 -Wall -W   conftest.c -ldl  >&5
configure:16090: $? = 0
configure:16090: result: yes
configure:16099: checking for working mmap
configure:16256: result: no
configure:16268: checking sys/select.h usability
configure:16268: arm-linux-gnueabihf-gcc -c -DGCC_HASCLASSVISIBILITY -O2 -Wall -W  conftest.c >&5
configure:16268: $? = 0
configure:16268: result: yes
configure:16268: checking sys/select.h presence
configure:16268: arm-linux-gnueabihf-gcc -E  conftest.c
configure:16268: $? = 0
configure:16268: result: yes
configure:16268: checking for sys/select.h
configure:16268: result: yes
configure:16268: checking sys/socket.h usability
configure:16268: arm-linux-gnueabihf-gcc -c -DGCC_HASCLASSVISIBILITY -O2 -Wall -W  conftest.c >&5
configure:16268: $? = 0
configure:16268: result: yes
configure:16268: checking sys/socket.h presence
configure:16268: arm-linux-gnueabihf-gcc -E  conftest.c
configure:16268: $? = 0
configure:16268: result: yes
configure:16268: checking for sys/socket.h
configure:16268: result: yes
configure:16278: checking types of arguments for select
configure:16306: arm-linux-gnueabihf-gcc -c -DGCC_HASCLASSVISIBILITY -O2 -Wall -W  conftest.c >&5
configure:16306: $? = 0
configure:16317: result: int,fd_set *,struct timeval *
configure:16340: checking return type of signal handlers
configure:16358: arm-linux-gnueabihf-gcc -c -DGCC_HASCLASSVISIBILITY -O2 -Wall -W  conftest.c >&5
conftest.c: In function 'main':
conftest.c:53:1: error: void value not ignored as it ought to be
 return *(signal (0, 0)) (0) == 1;
 ^
configure:16358: $? = 1
configure: failed program was:
| /* confdefs.h */
| #define PACKAGE_NAME "tslib"
| #define PACKAGE_TARNAME "tslib"
| #define PACKAGE_VERSION "0.0.2"
| #define PACKAGE_STRING "tslib 0.0.2"
| #define PACKAGE_BUGREPORT "kergoth@handhelds.org"
| #define PACKAGE_URL ""
| #define PACKAGE "tslib"
| #define VERSION "0.0.2"
| #define STDC_HEADERS 1
| #define HAVE_SYS_TYPES_H 1
| #define HAVE_SYS_STAT_H 1
| #define HAVE_STDLIB_H 1
| #define HAVE_STRING_H 1
| #define HAVE_MEMORY_H 1
| #define HAVE_STRINGS_H 1
| #define HAVE_INTTYPES_H 1
| #define HAVE_STDINT_H 1
| #define HAVE_UNISTD_H 1
| #define HAVE_DLFCN_H 1
| #define LT_OBJDIR ".libs/"
| #define HAVE_LIBDL 1
| #define HAVE_ALLOCA_H 1
| #define HAVE_ALLOCA 1
| #define STDC_HEADERS 1
| #define HAVE_FCNTL_H 1
| #define HAVE_LIMITS_H 1
| #define HAVE_STDLIB_H 1
| #define HAVE_STRING_H 1
| #define HAVE_SYS_IOCTL_H 1
| #define HAVE_SYS_TIME_H 1
| #define HAVE_UNISTD_H 1
| #define TIME_WITH_SYS_TIME 1
| #define HAVE_STDLIB_H 1
| #define HAVE_MALLOC 0
| #define malloc rpl_malloc
| #define HAVE_STDLIB_H 1
| #define HAVE_UNISTD_H 1
| #define HAVE_SYS_PARAM_H 1
| #define HAVE_GETPAGESIZE 1
| #define HAVE_SYS_SELECT_H 1
| #define HAVE_SYS_SOCKET_H 1
| #define SELECT_TYPE_ARG1 int
| #define SELECT_TYPE_ARG234 (fd_set *)
| #define SELECT_TYPE_ARG5 (struct timeval *)
| /* end confdefs.h.  */
| #include <sys/types.h>
| #include <signal.h>
| 
| int
| main ()
| {
| return *(signal (0, 0)) (0) == 1;
|   ;
|   return 0;
| }
configure:16365: result: void
configure:16373: checking whether lstat correctly handles trailing slash
configure:16416: result: no
configure:16435: checking whether stat accepts an empty string
configure:16465: result: yes
configure:16483: checking for vprintf
configure:16483: arm-linux-gnueabihf-gcc -o conftest -DGCC_HASCLASSVISIBILITY -O2 -Wall -W   conftest.c -ldl  >&5
conftest.c:72:6: warning: conflicting types for built-in function 'vprintf'
 char vprintf ();
      ^
configure:16483: $? = 0
configure:16483: result: yes
configure:16489: checking for _doprnt
configure:16489: arm-linux-gnueabihf-gcc -o conftest -DGCC_HASCLASSVISIBILITY -O2 -Wall -W   conftest.c -ldl  >&5
/tmp/ccdRJ15R.o: In function `main':
conftest.c:(.text.startup+0x2): undefined reference to `_doprnt'
collect2: error: ld returned 1 exit status
configure:16489: $? = 1
configure: failed program was:
| /* confdefs.h */
| #define PACKAGE_NAME "tslib"
| #define PACKAGE_TARNAME "tslib"
| #define PACKAGE_VERSION "0.0.2"
| #define PACKAGE_STRING "tslib 0.0.2"
| #define PACKAGE_BUGREPORT "kergoth@handhelds.org"
| #define PACKAGE_URL ""
| #define PACKAGE "tslib"
| #define VERSION "0.0.2"
| #define STDC_HEADERS 1
| #define HAVE_SYS_TYPES_H 1
| #define HAVE_SYS_STAT_H 1
| #define HAVE_STDLIB_H 1
| #define HAVE_STRING_H 1
| #define HAVE_MEMORY_H 1
| #define HAVE_STRINGS_H 1
| #define HAVE_INTTYPES_H 1
| #define HAVE_STDINT_H 1
| #define HAVE_UNISTD_H 1
| #define HAVE_DLFCN_H 1
| #define LT_OBJDIR ".libs/"
| #define HAVE_LIBDL 1
| #define HAVE_ALLOCA_H 1
| #define HAVE_ALLOCA 1
| #define STDC_HEADERS 1
| #define HAVE_FCNTL_H 1
| #define HAVE_LIMITS_H 1
| #define HAVE_STDLIB_H 1
| #define HAVE_STRING_H 1
| #define HAVE_SYS_IOCTL_H 1
| #define HAVE_SYS_TIME_H 1
| #define HAVE_UNISTD_H 1
| #define TIME_WITH_SYS_TIME 1
| #define HAVE_STDLIB_H 1
| #define HAVE_MALLOC 0
| #define malloc rpl_malloc
| #define HAVE_STDLIB_H 1
| #define HAVE_UNISTD_H 1
| #define HAVE_SYS_PARAM_H 1
| #define HAVE_GETPAGESIZE 1
| #define HAVE_SYS_SELECT_H 1
| #define HAVE_SYS_SOCKET_H 1
| #define SELECT_TYPE_ARG1 int
| #define SELECT_TYPE_ARG234 (fd_set *)
| #define SELECT_TYPE_ARG5 (struct timeval *)
| #define RETSIGTYPE void
| #define HAVE_STAT_EMPTY_STRING_BUG 1
| #define HAVE_VPRINTF 1
| /* end confdefs.h.  */
| /* Define _doprnt to an innocuous variant, in case <limits.h> declares _doprnt.
|    For example, HP-UX 11i <limits.h> declares gettimeofday.  */
| #define _doprnt innocuous__doprnt
| 
| /* System header to define __stub macros and hopefully few prototypes,
|     which can conflict with char _doprnt (); below.
|     Prefer <limits.h> to <assert.h> if __STDC__ is defined, since
|     <limits.h> exists even on freestanding compilers.  */
| 
| #ifdef __STDC__
| # include <limits.h>
| #else
| # include <assert.h>
| #endif
| 
| #undef _doprnt
| 
| /* Override any GCC internal prototype to avoid an error.
|    Use char because int might match the return type of a GCC
|    builtin and then its argument prototype would still apply.  */
| #ifdef __cplusplus
| extern "C"
| #endif
| char _doprnt ();
| /* The GNU C library defines this for functions which it implements
|     to always fail with ENOSYS.  Some functions are actually named
|     something starting with __ and the normal name is an alias.  */
| #if defined __stub__doprnt || defined __stub____doprnt
| choke me
| #endif
| 
| int
| main ()
| {
| return _doprnt ();
|   ;
|   return 0;
| }
configure:16489: result: no
configure:16503: checking for bzero
configure:16503: arm-linux-gnueabihf-gcc -o conftest -DGCC_HASCLASSVISIBILITY -O2 -Wall -W   conftest.c -ldl  >&5
conftest.c:73:6: warning: conflicting types for built-in function 'bzero'
 char bzero ();
      ^
configure:16503: $? = 0
configure:16503: result: yes
configure:16503: checking for gettimeofday
configure:16503: arm-linux-gnueabihf-gcc -o conftest -DGCC_HASCLASSVISIBILITY -O2 -Wall -W   conftest.c -ldl  >&5
configure:16503: $? = 0
configure:16503: result: yes
configure:16503: checking for memmove
configure:16503: arm-linux-gnueabihf-gcc -o conftest -DGCC_HASCLASSVISIBILITY -O2 -Wall -W   conftest.c -ldl  >&5
conftest.c:75:6: warning: conflicting types for built-in function 'memmove'
 char memmove ();
      ^
configure:16503: $? = 0
configure:16503: result: yes
configure:16503: checking for memset
configure:16503: arm-linux-gnueabihf-gcc -o conftest -DGCC_HASCLASSVISIBILITY -O2 -Wall -W   conftest.c -ldl  >&5
conftest.c:76:6: warning: conflicting types for built-in function 'memset'
 char memset ();
      ^
configure:16503: $? = 0
configure:16503: result: yes
configure:16503: checking for munmap
configure:16503: arm-linux-gnueabihf-gcc -o conftest -DGCC_HASCLASSVISIBILITY -O2 -Wall -W   conftest.c -ldl  >&5
configure:16503: $? = 0
configure:16503: result: yes
configure:16503: checking for select
configure:16503: arm-linux-gnueabihf-gcc -o conftest -DGCC_HASCLASSVISIBILITY -O2 -Wall -W   conftest.c -ldl  >&5
configure:16503: $? = 0
configure:16503: result: yes
configure:16503: checking for strcasecmp
configure:16503: arm-linux-gnueabihf-gcc -o conftest -DGCC_HASCLASSVISIBILITY -O2 -Wall -W   conftest.c -ldl  >&5
conftest.c:79:6: warning: conflicting types for built-in function 'strcasecmp'
 char strcasecmp ();
      ^
configure:16503: $? = 0
configure:16503: result: yes
configure:16503: checking for strchr
configure:16503: arm-linux-gnueabihf-gcc -o conftest -DGCC_HASCLASSVISIBILITY -O2 -Wall -W   conftest.c -ldl  >&5
conftest.c:80:6: warning: conflicting types for built-in function 'strchr'
 char strchr ();
      ^
configure:16503: $? = 0
configure:16503: result: yes
configure:16503: checking for strdup
configure:16503: arm-linux-gnueabihf-gcc -o conftest -DGCC_HASCLASSVISIBILITY -O2 -Wall -W   conftest.c -ldl  >&5
conftest.c:81:6: warning: conflicting types for built-in function 'strdup'
 char strdup ();
      ^
configure:16503: $? = 0
configure:16503: result: yes
configure:16503: checking for strtoul
configure:16503: arm-linux-gnueabihf-gcc -o conftest -DGCC_HASCLASSVISIBILITY -O2 -Wall -W   conftest.c -ldl  >&5
configure:16503: $? = 0
configure:16503: result: yes
configure:16514: checking whether linear modules is requested
configure:16523: result: yes
configure:16534: checking whether dejitter module is requested
configure:16543: result: yes
configure:16554: checking whether linear-h2200 module is requested
configure:16563: result: yes
configure:16574: checking whether variance module is requested
configure:16583: result: yes
configure:16594: checking whether pthres module is requested
configure:16603: result: yes
configure:16616: checking whether ucb1x00 module is requested
configure:16625: result: yes
configure:16636: checking whether corgi module is requested
configure:16645: result: yes
configure:16656: checking whether collie module is requested
configure:16665: result: yes
configure:16677: checking whether h3600 module is requested
configure:16686: result: yes
configure:16697: checking whether mk712 module is requested
configure:16706: result: yes
configure:16717: checking whether arctic2 module is requested
configure:16726: result: yes
configure:16737: checking whether input module is requested
configure:16746: result: yes
configure:16757: checking where to place modules
configure:16767: result: ${libdir}/ts/
configure:16771: checking whether to enable debugging
configure:16780: result: no
configure:16915: checking that generated files are newer than configure
configure:16921: result: done
configure:16996: creating ./config.status

## ---------------------- ##
## Running config.status. ##
## ---------------------- ##

This file was extended by tslib config.status 0.0.2, which was
generated by GNU Autoconf 2.69.  Invocation command line was

  CONFIG_FILES    = 
  CONFIG_HEADERS  = 
  CONFIG_LINKS    = 
  CONFIG_COMMANDS = 
  $ ./config.status 

on rong-desktop

config.status:1220: creating Makefile
config.status:1220: creating etc/Makefile
config.status:1220: creating plugins/Makefile
config.status:1220: creating src/Makefile
config.status:1220: creating tests/Makefile
config.status:1220: creating tslib-0.0.pc
config.status:1220: creating config.h
config.status:1449: executing depfiles commands
config.status:1449: executing libtool commands

## ---------------- ##
## Cache variables. ##
## ---------------- ##

ac_cv_build=x86_64-unknown-linux-gnu
ac_cv_c_compiler_gnu=yes
ac_cv_c_const=yes
ac_cv_c_inline=inline
ac_cv_cxx_compiler_gnu=yes
ac_cv_env_CCC_set=
ac_cv_env_CCC_value=
ac_cv_env_CC_set=
ac_cv_env_CC_value=
ac_cv_env_CFLAGS_set=
ac_cv_env_CFLAGS_value=
ac_cv_env_CPPFLAGS_set=
ac_cv_env_CPPFLAGS_value=
ac_cv_env_CPP_set=
ac_cv_env_CPP_value=
ac_cv_env_CXXCPP_set=
ac_cv_env_CXXCPP_value=
ac_cv_env_CXXFLAGS_set=
ac_cv_env_CXXFLAGS_value=
ac_cv_env_CXX_set=
ac_cv_env_CXX_value=
ac_cv_env_LDFLAGS_set=
ac_cv_env_LDFLAGS_value=
ac_cv_env_LIBS_set=
ac_cv_env_LIBS_value=
ac_cv_env_build_alias_set=
ac_cv_env_build_alias_value=
ac_cv_env_host_alias_set=set
ac_cv_env_host_alias_value=arm-linux-gnueabihf
ac_cv_env_target_alias_set=
ac_cv_env_target_alias_value=
ac_cv_func__doprnt=no
ac_cv_func_alloca_works=yes
ac_cv_func_bzero=yes
ac_cv_func_dlopen=no
ac_cv_func_getpagesize=yes
ac_cv_func_gettimeofday=yes
ac_cv_func_lstat_dereferences_slashed_symlink=no
ac_cv_func_malloc_0_nonnull=no
ac_cv_func_memmove=yes
ac_cv_func_memset=yes
ac_cv_func_mmap_fixed_mapped=no
ac_cv_func_munmap=yes
ac_cv_func_select=yes
ac_cv_func_select_args='int,fd_set *,struct timeval *'
ac_cv_func_shl_load=no
ac_cv_func_stat_empty_string_bug=yes
ac_cv_func_strcasecmp=yes
ac_cv_func_strchr=yes
ac_cv_func_strdup=yes
ac_cv_func_strtoul=yes
ac_cv_func_vprintf=yes
ac_cv_header_dlfcn_h=yes
ac_cv_header_fcntl_h=yes
ac_cv_header_inttypes_h=yes
ac_cv_header_limits_h=yes
ac_cv_header_memory_h=yes
ac_cv_header_stdc=yes
ac_cv_header_stdint_h=yes
ac_cv_header_stdlib_h=yes
ac_cv_header_string_h=yes
ac_cv_header_strings_h=yes
ac_cv_header_sys_ioctl_h=yes
ac_cv_header_sys_param_h=yes
ac_cv_header_sys_select_h=yes
ac_cv_header_sys_socket_h=yes
ac_cv_header_sys_stat_h=yes
ac_cv_header_sys_time_h=yes
ac_cv_header_sys_types_h=yes
ac_cv_header_time=yes
ac_cv_header_unistd_h=yes
ac_cv_host=arm-unknown-linux-gnueabihf
ac_cv_lib_dl_dlopen=yes
ac_cv_lib_dld_shl_load=no
ac_cv_objext=o
ac_cv_path_EGREP='/bin/grep -E'
ac_cv_path_FGREP='/bin/grep -F'
ac_cv_path_GREP=/bin/grep
ac_cv_path_SED=/bin/sed
ac_cv_path_install='/usr/bin/install -c'
ac_cv_path_mkdir=/bin/mkdir
ac_cv_prog_AR=arm-linux-gnueabihf-ar
ac_cv_prog_AWK=mawk
ac_cv_prog_CC=arm-linux-gnueabihf-gcc
ac_cv_prog_CPP='arm-linux-gnueabihf-gcc -E'
ac_cv_prog_CXX=arm-linux-gnueabihf-g++
ac_cv_prog_CXXCPP='arm-linux-gnueabihf-g++ -E'
ac_cv_prog_OBJDUMP=arm-linux-gnueabihf-objdump
ac_cv_prog_RANLIB=arm-linux-gnueabihf-ranlib
ac_cv_prog_STRIP=arm-linux-gnueabihf-strip
ac_cv_prog_ac_ct_MANIFEST_TOOL=mt
ac_cv_prog_cc_c89=
ac_cv_prog_cc_g=yes
ac_cv_prog_cxx_g=yes
ac_cv_prog_gcc_traditional=no
ac_cv_prog_make_make_set=yes
ac_cv_type_signal=void
ac_cv_type_size_t=yes
ac_cv_working_alloca_h=yes
am_cv_CC_dependencies_compiler_type=gcc3
am_cv_CXX_dependencies_compiler_type=gcc3
am_cv_make_support_nested_variables=yes
am_cv_prog_cc_c_o=yes
bb_cv_cc_supports_hidden_visibility=yes
lt_cv_ar_at_file=@
lt_cv_archive_cmds_need_lc=no
lt_cv_deplibs_check_method=pass_all
lt_cv_dlopen=dlopen
lt_cv_dlopen_libs=-ldl
lt_cv_dlopen_self=cross
lt_cv_file_magic_cmd='$MAGIC_CMD'
lt_cv_file_magic_test_file=
lt_cv_ld_reload_flag=-r
lt_cv_nm_interface='BSD nm'
lt_cv_objdir=.libs
lt_cv_path_LD=/opt/toolchains/gcc-linaro-4.9-2015.05-x86_64_arm-linux-gnueabihf/arm-linux-gnueabihf/bin/ld
lt_cv_path_LDCXX=/opt/toolchains/gcc-linaro-4.9-2015.05-x86_64_arm-linux-gnueabihf/arm-linux-gnueabihf/bin/ld
lt_cv_path_NM='/opt/toolchains/gcc-linaro-4.9-2015.05-x86_64_arm-linux-gnueabihf/bin//arm-linux-gnueabihf-nm -B'
lt_cv_path_mainfest_tool=no
lt_cv_prog_compiler_c_o=yes
lt_cv_prog_compiler_c_o_CXX=yes
lt_cv_prog_compiler_pic='-fPIC -DPIC'
lt_cv_prog_compiler_pic_CXX='-fPIC -DPIC'
lt_cv_prog_compiler_pic_works=yes
lt_cv_prog_compiler_pic_works_CXX=yes
lt_cv_prog_compiler_rtti_exceptions=no
lt_cv_prog_compiler_static_works=yes
lt_cv_prog_compiler_static_works_CXX=yes
lt_cv_prog_gnu_ld=yes
lt_cv_prog_gnu_ldcxx=yes
lt_cv_sharedlib_from_linklib_cmd='printf %s\n'
lt_cv_shlibpath_overrides_runpath=no
lt_cv_sys_global_symbol_pipe='sed -n -e '\''s/^.*[	 ]\([ABCDGIRSTW][ABCDGIRSTW]*\)[	 ][	 ]*\([_A-Za-z][_A-Za-z0-9]*\)$/\1 \2 \2/p'\'' | sed '\''/ __gnu_lto/d'\'''
lt_cv_sys_global_symbol_to_c_name_address='sed -n -e '\''s/^: \([^ ]*\)[ ]*$/  {\"\1\", (void *) 0},/p'\'' -e '\''s/^[ABCDGIRSTW]* \([^ ]*\) \([^ ]*\)$/  {"\2", (void *) \&\2},/p'\'''
lt_cv_sys_global_symbol_to_c_name_address_lib_prefix='sed -n -e '\''s/^: \([^ ]*\)[ ]*$/  {\"\1\", (void *) 0},/p'\'' -e '\''s/^[ABCDGIRSTW]* \([^ ]*\) \(lib[^ ]*\)$/  {"\2", (void *) \&\2},/p'\'' -e '\''s/^[ABCDGIRSTW]* \([^ ]*\) \([^ ]*\)$/  {"lib\2", (void *) \&\2},/p'\'''
lt_cv_sys_global_symbol_to_cdecl='sed -n -e '\''s/^T .* \(.*\)$/extern int \1();/p'\'' -e '\''s/^[ABCDGIRSTW]* .* \(.*\)$/extern char \1;/p'\'''
lt_cv_sys_max_cmd_len=1572864
lt_cv_to_host_file_cmd=func_convert_file_noop
lt_cv_to_tool_file_cmd=func_convert_file_noop

## ----------------- ##
## Output variables. ##
## ----------------- ##

ACLOCAL='${SHELL} /opt/tslib-arm-src/missing aclocal-1.14'
ALLOCA=''
AMDEPBACKSLASH='\'
AMDEP_FALSE='#'
AMDEP_TRUE=''
AMTAR='$${TAR-tar}'
AM_BACKSLASH='\'
AM_DEFAULT_V='$(AM_DEFAULT_VERBOSITY)'
AM_DEFAULT_VERBOSITY='1'
AM_V='$(V)'
AR='arm-linux-gnueabihf-ar'
AUTOCONF='${SHELL} /opt/tslib-arm-src/missing autoconf'
AUTOHEADER='${SHELL} /opt/tslib-arm-src/missing autoheader'
AUTOMAKE='${SHELL} /opt/tslib-arm-src/missing automake-1.14'
AWK='mawk'
CC='arm-linux-gnueabihf-gcc'
CCDEPMODE='depmode=gcc3'
CFLAGS='-DGCC_HASCLASSVISIBILITY -O2 -Wall -W'
CPP='arm-linux-gnueabihf-gcc -E'
CPPFLAGS=''
CXX='arm-linux-gnueabihf-g++'
CXXCPP='arm-linux-gnueabihf-g++ -E'
CXXDEPMODE='depmode=gcc3'
CXXFLAGS='-g -O2'
CYGPATH_W='echo'
DEBUGFLAGS=''
DEFS='-DHAVE_CONFIG_H'
DEPDIR='.deps'
DLLTOOL='false'
DSYMUTIL=''
DUMPBIN=''
ECHO_C=''
ECHO_N='-n'
ECHO_T=''
EGREP='/bin/grep -E'
ENABLE_ARCTIC2_MODULE_FALSE='#'
ENABLE_ARCTIC2_MODULE_TRUE=''
ENABLE_COLLIE_MODULE_FALSE='#'
ENABLE_COLLIE_MODULE_TRUE=''
ENABLE_CORGI_MODULE_FALSE='#'
ENABLE_CORGI_MODULE_TRUE=''
ENABLE_DEJITTER_MODULE_FALSE='#'
ENABLE_DEJITTER_MODULE_TRUE=''
ENABLE_H2200_LINEAR_MODULE_FALSE='#'
ENABLE_H2200_LINEAR_MODULE_TRUE=''
ENABLE_H3600_MODULE_FALSE='#'
ENABLE_H3600_MODULE_TRUE=''
ENABLE_INPUT_MODULE_FALSE='#'
ENABLE_INPUT_MODULE_TRUE=''
ENABLE_LINEAR_MODULE_FALSE='#'
ENABLE_LINEAR_MODULE_TRUE=''
ENABLE_MK712_MODULE_FALSE='#'
ENABLE_MK712_MODULE_TRUE=''
ENABLE_PTHRES_MODULE_FALSE='#'
ENABLE_PTHRES_MODULE_TRUE=''
ENABLE_UCB1X00_MODULE_FALSE='#'
ENABLE_UCB1X00_MODULE_TRUE=''
ENABLE_VARIANCE_MODULE_FALSE='#'
ENABLE_VARIANCE_MODULE_TRUE=''
EXEEXT=''
FGREP='/bin/grep -F'
GREP='/bin/grep'
INSTALL_DATA='${INSTALL} -m 644'
INSTALL_PROGRAM='${INSTALL}'
INSTALL_SCRIPT='${INSTALL}'
INSTALL_STRIP_PROGRAM='$(install_sh) -c -s'
LD='/opt/toolchains/gcc-linaro-4.9-2015.05-x86_64_arm-linux-gnueabihf/arm-linux-gnueabihf/bin/ld'
LDFLAGS=''
LIBFLAGS='-DTSLIB_INTERNAL'
LIBOBJS=' ${LIBOBJDIR}malloc$U.o ${LIBOBJDIR}lstat$U.o ${LIBOBJDIR}stat$U.o'
LIBS='-ldl '
LIBTOOL='$(SHELL) $(top_builddir)/libtool'
LIPO=''
LN_S='ln -s'
LTLIBOBJS=' ${LIBOBJDIR}malloc$U.lo ${LIBOBJDIR}lstat$U.lo ${LIBOBJDIR}stat$U.lo'
LT_AGE='1'
LT_CURRENT='1'
LT_RELEASE='0.0'
LT_REVISION='1'
MAKEINFO='${SHELL} /opt/tslib-arm-src/missing makeinfo'
MANIFEST_TOOL=':'
MKDIR_P='/bin/mkdir -p'
NM='/opt/toolchains/gcc-linaro-4.9-2015.05-x86_64_arm-linux-gnueabihf/bin//arm-linux-gnueabihf-nm -B'
NMEDIT=''
OBJDUMP='arm-linux-gnueabihf-objdump'
OBJEXT='o'
OTOOL64=''
OTOOL=''
PACKAGE='tslib'
PACKAGE_BUGREPORT='kergoth@handhelds.org'
PACKAGE_DESCRIPTION='Touchscreen Access Library'
PACKAGE_NAME='tslib'
PACKAGE_STRING='tslib 0.0.2'
PACKAGE_TARNAME='tslib'
PACKAGE_URL=''
PACKAGE_VERSION='0.0.2'
PATH_SEPARATOR=':'
PLUGIN_DIR='${libdir}/ts/'
RANLIB='arm-linux-gnueabihf-ranlib'
SED='/bin/sed'
SET_MAKE=''
SHELL='/bin/bash'
STRIP='arm-linux-gnueabihf-strip'
TS_CONF='${sysconfdir}/ts.conf'
VERSION='0.0.2'
VIS_CFLAGS='-fvisibility=hidden'
ac_ct_AR=''
ac_ct_CC=''
ac_ct_CXX=''
ac_ct_DUMPBIN=''
am__EXEEXT_FALSE=''
am__EXEEXT_TRUE='#'
am__fastdepCC_FALSE='#'
am__fastdepCC_TRUE=''
am__fastdepCXX_FALSE='#'
am__fastdepCXX_TRUE=''
am__include='include'
am__isrc=''
am__leading_dot='.'
am__nodep='_no'
am__quote=''
am__tar='$${TAR-tar} chof - "$$tardir"'
am__untar='$${TAR-tar} xf -'
bindir='${exec_prefix}/bin'
build='x86_64-unknown-linux-gnu'
build_alias=''
build_cpu='x86_64'
build_os='linux-gnu'
build_vendor='unknown'
datadir='${datarootdir}'
datarootdir='${prefix}/share'
docdir='${datarootdir}/doc/${PACKAGE_TARNAME}'
dvidir='${docdir}'
exec_prefix='${prefix}'
host='arm-unknown-linux-gnueabihf'
host_alias='arm-linux-gnueabihf'
host_cpu='arm'
host_os='linux-gnueabihf'
host_vendor='unknown'
htmldir='${docdir}'
includedir='${prefix}/include'
infodir='${datarootdir}/info'
install_sh='${SHELL} /opt/tslib-arm-src/install-sh'
libdir='${exec_prefix}/lib'
libexecdir='${exec_prefix}/libexec'
localedir='${datarootdir}/locale'
localstatedir='${prefix}/var'
mandir='${datarootdir}/man'
mkdir_p='$(MKDIR_P)'
oldincludedir='/usr/include'
pdfdir='${docdir}'
prefix='/opt/tslib-arm-bin'
program_transform_name='s,x,x,'
psdir='${docdir}'
sbindir='${exec_prefix}/sbin'
sharedstatedir='${prefix}/com'
sysconfdir='${prefix}/etc'
target_alias=''

## ----------- ##
## confdefs.h. ##
## ----------- ##

/* confdefs.h */
#define PACKAGE_NAME "tslib"
#define PACKAGE_TARNAME "tslib"
#define PACKAGE_VERSION "0.0.2"
#define PACKAGE_STRING "tslib 0.0.2"
#define PACKAGE_BUGREPORT "kergoth@handhelds.org"
#define PACKAGE_URL ""
#define PACKAGE "tslib"
#define VERSION "0.0.2"
#define STDC_HEADERS 1
#define HAVE_SYS_TYPES_H 1
#define HAVE_SYS_STAT_H 1
#define HAVE_STDLIB_H 1
#define HAVE_STRING_H 1
#define HAVE_MEMORY_H 1
#define HAVE_STRINGS_H 1
#define HAVE_INTTYPES_H 1
#define HAVE_STDINT_H 1
#define HAVE_UNISTD_H 1
#define HAVE_DLFCN_H 1
#define LT_OBJDIR ".libs/"
#define HAVE_LIBDL 1
#define HAVE_ALLOCA_H 1
#define HAVE_ALLOCA 1
#define STDC_HEADERS 1
#define HAVE_FCNTL_H 1
#define HAVE_LIMITS_H 1
#define HAVE_STDLIB_H 1
#define HAVE_STRING_H 1
#define HAVE_SYS_IOCTL_H 1
#define HAVE_SYS_TIME_H 1
#define HAVE_UNISTD_H 1
#define TIME_WITH_SYS_TIME 1
#define HAVE_STDLIB_H 1
#define HAVE_MALLOC 0
#define malloc rpl_malloc
#define HAVE_STDLIB_H 1
#define HAVE_UNISTD_H 1
#define HAVE_SYS_PARAM_H 1
#define HAVE_GETPAGESIZE 1
#define HAVE_SYS_SELECT_H 1
#define HAVE_SYS_SOCKET_H 1
#define SELECT_TYPE_ARG1 int
#define SELECT_TYPE_ARG234 (fd_set *)
#define SELECT_TYPE_ARG5 (struct timeval *)
#define RETSIGTYPE void
#define HAVE_STAT_EMPTY_STRING_BUG 1
#define HAVE_VPRINTF 1
#define HAVE_BZERO 1
#define HAVE_GETTIMEOFDAY 1
#define HAVE_MEMMOVE 1
#define HAVE_MEMSET 1
#define HAVE_MUNMAP 1
#define HAVE_SELECT 1
#define HAVE_STRCASECMP 1
#define HAVE_STRCHR 1
#define HAVE_STRDUP 1
#define HAVE_STRTOUL 1

configure: exit 0
